mode: set
ThreeLayeredArchitecture/docs/docs.go:226.13,228.2 1 0
ThreeLayeredArchitecture/main.go:24.13,57.2 18 0
ThreeLayeredArchitecture/migrations/20250703103710_create_user_table.go:12.42,14.42 1 0
ThreeLayeredArchitecture/migrations/20250703103710_create_user_table.go:14.42,16.18 2 0
ThreeLayeredArchitecture/migrations/20250703103710_create_user_table.go:16.18,18.5 1 0
ThreeLayeredArchitecture/migrations/20250703103710_create_user_table.go:19.4,19.14 1 0
ThreeLayeredArchitecture/migrations/20250703103720_create_task_table.go:13.42,15.42 1 0
ThreeLayeredArchitecture/migrations/20250703103720_create_task_table.go:15.42,17.18 2 0
ThreeLayeredArchitecture/migrations/20250703103720_create_task_table.go:17.18,19.5 1 0
ThreeLayeredArchitecture/migrations/20250703103720_create_task_table.go:20.4,20.14 1 0
ThreeLayeredArchitecture/migrations/all.go:8.40,14.2 1 0
ThreeLayeredArchitecture/handler/task/mock_interface.go:33.67,37.2 3 1
ThreeLayeredArchitecture/handler/task/mock_interface.go:40.65,42.2 1 1
ThreeLayeredArchitecture/handler/task/mock_interface.go:45.90,51.2 5 1
ThreeLayeredArchitecture/handler/task/mock_interface.go:54.73,57.2 2 1
ThreeLayeredArchitecture/handler/task/mock_interface.go:60.77,66.2 5 1
ThreeLayeredArchitecture/handler/task/mock_interface.go:69.73,72.2 2 1
ThreeLayeredArchitecture/handler/task/mock_interface.go:75.83,81.2 5 1
ThreeLayeredArchitecture/handler/task/mock_interface.go:84.74,87.2 2 1
ThreeLayeredArchitecture/handler/task/mock_interface.go:90.80,96.2 5 1
ThreeLayeredArchitecture/handler/task/mock_interface.go:99.73,102.2 2 1
ThreeLayeredArchitecture/handler/task/mock_interface.go:105.83,111.2 5 1
ThreeLayeredArchitecture/handler/task/mock_interface.go:114.79,117.2 2 1
ThreeLayeredArchitecture/handler/task/task.go:14.55,16.2 1 1
ThreeLayeredArchitecture/handler/task/task.go:19.67,21.16 2 1
ThreeLayeredArchitecture/handler/task/task.go:21.16,23.3 1 1
ThreeLayeredArchitecture/handler/task/task.go:25.2,25.39 1 1
ThreeLayeredArchitecture/handler/task/task.go:29.66,33.16 3 1
ThreeLayeredArchitecture/handler/task/task.go:33.16,35.3 1 1
ThreeLayeredArchitecture/handler/task/task.go:37.2,38.16 2 1
ThreeLayeredArchitecture/handler/task/task.go:38.16,40.3 1 1
ThreeLayeredArchitecture/handler/task/task.go:42.2,42.38 1 1
ThreeLayeredArchitecture/handler/task/task.go:46.66,48.16 2 1
ThreeLayeredArchitecture/handler/task/task.go:48.16,50.3 1 1
ThreeLayeredArchitecture/handler/task/task.go:52.2,53.16 2 1
ThreeLayeredArchitecture/handler/task/task.go:53.16,55.3 1 1
ThreeLayeredArchitecture/handler/task/task.go:57.2,57.37 1 1
ThreeLayeredArchitecture/handler/task/task.go:61.72,63.16 2 1
ThreeLayeredArchitecture/handler/task/task.go:63.16,65.3 1 1
ThreeLayeredArchitecture/handler/task/task.go:67.2,68.16 2 1
ThreeLayeredArchitecture/handler/task/task.go:68.16,70.3 1 1
ThreeLayeredArchitecture/handler/task/task.go:72.2,72.37 1 1
ThreeLayeredArchitecture/handler/task/task.go:75.70,77.16 2 1
ThreeLayeredArchitecture/handler/task/task.go:77.16,79.3 1 1
ThreeLayeredArchitecture/handler/task/task.go:81.2,82.16 2 1
ThreeLayeredArchitecture/handler/task/task.go:82.16,84.3 1 1
ThreeLayeredArchitecture/handler/task/task.go:86.2,86.38 1 1
ThreeLayeredArchitecture/handler/user/mock_interface.go:33.67,37.2 3 1
ThreeLayeredArchitecture/handler/user/mock_interface.go:40.65,42.2 1 1
ThreeLayeredArchitecture/handler/user/mock_interface.go:45.97,51.2 5 1
ThreeLayeredArchitecture/handler/user/mock_interface.go:54.80,57.2 2 1
ThreeLayeredArchitecture/handler/user/mock_interface.go:60.82,66.2 5 1
ThreeLayeredArchitecture/handler/user/mock_interface.go:69.75,72.2 2 1
ThreeLayeredArchitecture/handler/user/mock_interface.go:75.90,81.2 5 1
ThreeLayeredArchitecture/handler/user/mock_interface.go:84.81,87.2 2 1
ThreeLayeredArchitecture/handler/user/user.go:15.55,17.2 1 1
ThreeLayeredArchitecture/handler/user/user.go:30.66,34.16 3 1
ThreeLayeredArchitecture/handler/user/user.go:34.16,36.3 1 1
ThreeLayeredArchitecture/handler/user/user.go:38.2,39.16 2 1
ThreeLayeredArchitecture/handler/user/user.go:39.16,41.3 1 1
ThreeLayeredArchitecture/handler/user/user.go:43.2,43.41 1 1
ThreeLayeredArchitecture/handler/user/user.go:55.67,57.16 2 1
ThreeLayeredArchitecture/handler/user/user.go:57.16,59.3 1 1
ThreeLayeredArchitecture/handler/user/user.go:61.2,61.39 1 1
ThreeLayeredArchitecture/handler/user/user.go:75.67,78.16 2 1
ThreeLayeredArchitecture/handler/user/user.go:78.16,80.3 1 1
ThreeLayeredArchitecture/handler/user/user.go:82.2,83.16 2 1
ThreeLayeredArchitecture/handler/user/user.go:83.16,85.3 1 1
ThreeLayeredArchitecture/handler/user/user.go:87.2,87.38 1 1
ThreeLayeredArchitecture/store/task/task.go:10.32,12.2 1 1
ThreeLayeredArchitecture/store/task/task.go:14.82,16.16 2 1
ThreeLayeredArchitecture/store/task/task.go:16.16,18.3 1 1
ThreeLayeredArchitecture/store/task/task.go:20.2,21.16 2 1
ThreeLayeredArchitecture/store/task/task.go:21.16,23.3 1 1
ThreeLayeredArchitecture/store/task/task.go:25.2,27.19 2 1
ThreeLayeredArchitecture/store/task/task.go:30.72,34.16 3 1
ThreeLayeredArchitecture/store/task/task.go:34.16,36.3 1 1
ThreeLayeredArchitecture/store/task/task.go:38.2,38.23 1 1
ThreeLayeredArchitecture/store/task/task.go:38.23,40.3 1 0
ThreeLayeredArchitecture/store/task/task.go:42.2,44.18 2 1
ThreeLayeredArchitecture/store/task/task.go:44.18,48.17 3 1
ThreeLayeredArchitecture/store/task/task.go:48.17,50.4 1 1
ThreeLayeredArchitecture/store/task/task.go:52.3,52.30 1 1
ThreeLayeredArchitecture/store/task/task.go:55.2,55.19 1 1
ThreeLayeredArchitecture/store/task/task.go:58.75,66.2 5 1
ThreeLayeredArchitecture/store/task/task.go:68.65,73.2 3 1
ThreeLayeredArchitecture/store/task/task.go:75.59,80.2 3 1
ThreeLayeredArchitecture/services/user/mock_interface.go:33.55,37.2 3 1
ThreeLayeredArchitecture/services/user/mock_interface.go:40.53,42.2 1 1
ThreeLayeredArchitecture/services/user/mock_interface.go:45.90,51.2 5 1
ThreeLayeredArchitecture/services/user/mock_interface.go:54.73,57.2 2 1
ThreeLayeredArchitecture/services/user/mock_interface.go:60.75,66.2 5 1
ThreeLayeredArchitecture/services/user/mock_interface.go:69.68,72.2 2 1
ThreeLayeredArchitecture/services/user/mock_interface.go:75.81,81.2 5 1
ThreeLayeredArchitecture/services/user/mock_interface.go:84.72,87.2 2 1
ThreeLayeredArchitecture/services/user/user.go:12.43,14.2 1 1
ThreeLayeredArchitecture/services/user/user.go:16.94,18.2 1 1
ThreeLayeredArchitecture/services/user/user.go:20.76,22.2 1 1
ThreeLayeredArchitecture/services/user/user.go:24.91,26.2 1 1
ThreeLayeredArchitecture/services/task/mock_interface.go:33.63,37.2 3 1
ThreeLayeredArchitecture/services/task/mock_interface.go:40.61,42.2 1 1
ThreeLayeredArchitecture/services/task/mock_interface.go:45.88,51.2 5 1
ThreeLayeredArchitecture/services/task/mock_interface.go:54.71,57.2 2 1
ThreeLayeredArchitecture/services/task/mock_interface.go:60.65,65.2 4 1
ThreeLayeredArchitecture/services/task/mock_interface.go:68.71,71.2 2 1
ThreeLayeredArchitecture/services/task/mock_interface.go:74.81,80.2 5 1
ThreeLayeredArchitecture/services/task/mock_interface.go:83.72,86.2 2 1
ThreeLayeredArchitecture/services/task/mock_interface.go:89.78,95.2 5 1
ThreeLayeredArchitecture/services/task/mock_interface.go:98.71,101.2 2 1
ThreeLayeredArchitecture/services/task/mock_interface.go:104.71,109.2 4 1
ThreeLayeredArchitecture/services/task/mock_interface.go:112.77,115.2 2 1
ThreeLayeredArchitecture/services/task/task.go:12.51,14.2 1 1
ThreeLayeredArchitecture/services/task/task.go:16.86,18.2 1 1
ThreeLayeredArchitecture/services/task/task.go:20.76,22.2 1 1
ThreeLayeredArchitecture/services/task/task.go:24.79,26.2 1 1
ThreeLayeredArchitecture/services/task/task.go:28.79,30.16 2 1
ThreeLayeredArchitecture/services/task/task.go:30.16,32.3 1 1
ThreeLayeredArchitecture/services/task/task.go:34.2,34.20 1 1
ThreeLayeredArchitecture/services/task/task.go:34.20,36.3 1 1
ThreeLayeredArchitecture/services/task/task.go:38.2,39.16 2 1
ThreeLayeredArchitecture/services/task/task.go:39.16,41.3 1 1
ThreeLayeredArchitecture/services/task/task.go:43.2,43.39 1 1
ThreeLayeredArchitecture/services/task/task.go:46.73,48.16 2 1
ThreeLayeredArchitecture/services/task/task.go:48.16,50.3 1 1
ThreeLayeredArchitecture/services/task/task.go:52.2,54.16 2 1
ThreeLayeredArchitecture/services/task/task.go:54.16,56.3 1 1
ThreeLayeredArchitecture/services/task/task.go:58.2,58.44 1 1
ThreeLayeredArchitecture/store/user/user.go:11.32,13.2 1 1
ThreeLayeredArchitecture/store/user/user.go:15.88,19.16 3 1
ThreeLayeredArchitecture/store/user/user.go:19.16,21.3 1 1
ThreeLayeredArchitecture/store/user/user.go:23.2,26.18 3 1
ThreeLayeredArchitecture/store/user/user.go:29.73,32.16 2 1
ThreeLayeredArchitecture/store/user/user.go:32.16,34.3 1 1
ThreeLayeredArchitecture/store/user/user.go:36.2,36.23 1 1
ThreeLayeredArchitecture/store/user/user.go:36.23,38.3 1 0
ThreeLayeredArchitecture/store/user/user.go:40.2,42.18 2 1
ThreeLayeredArchitecture/store/user/user.go:42.18,46.17 3 1
ThreeLayeredArchitecture/store/user/user.go:46.17,48.4 1 1
ThreeLayeredArchitecture/store/user/user.go:50.3,50.30 1 1
ThreeLayeredArchitecture/store/user/user.go:53.2,53.19 1 1
ThreeLayeredArchitecture/store/user/user.go:56.79,62.16 4 1
ThreeLayeredArchitecture/store/user/user.go:62.16,64.3 1 1
ThreeLayeredArchitecture/store/user/user.go:66.2,66.18 1 1
