mode: set
ThreeLayeredArchitecture/store/task/task.go:13.42,15.2 1 1
ThreeLayeredArchitecture/store/task/task.go:17.67,21.16 3 1
ThreeLayeredArchitecture/store/task/task.go:21.16,23.3 1 0
ThreeLayeredArchitecture/store/task/task.go:24.2,25.82 2 1
ThreeLayeredArchitecture/store/task/task.go:28.58,32.16 3 1
ThreeLayeredArchitecture/store/task/task.go:32.16,34.3 1 0
ThreeLayeredArchitecture/store/task/task.go:35.2,35.15 1 1
ThreeLayeredArchitecture/store/task/task.go:35.15,36.38 1 1
ThreeLayeredArchitecture/store/task/task.go:36.38,38.4 1 0
ThreeLayeredArchitecture/store/task/task.go:41.2,42.18 2 1
ThreeLayeredArchitecture/store/task/task.go:42.18,45.17 3 1
ThreeLayeredArchitecture/store/task/task.go:45.17,47.4 1 0
ThreeLayeredArchitecture/store/task/task.go:48.3,48.30 1 1
ThreeLayeredArchitecture/store/task/task.go:50.2,50.19 1 1
ThreeLayeredArchitecture/store/task/task.go:53.59,59.2 5 1
ThreeLayeredArchitecture/store/task/task.go:61.49,65.2 3 1
ThreeLayeredArchitecture/store/task/task.go:67.43,71.2 3 1
