mode: set
ThreeLayeredArchitecture/services/task/mock_interface.go:33.63,37.2 3 1
ThreeLayeredArchitecture/services/task/mock_interface.go:40.61,42.2 1 1
ThreeLayeredArchitecture/services/task/mock_interface.go:45.88,51.2 5 1
ThreeLayeredArchitecture/services/task/mock_interface.go:54.71,57.2 2 1
ThreeLayeredArchitecture/services/task/mock_interface.go:60.65,65.2 4 1
ThreeLayeredArchitecture/services/task/mock_interface.go:68.71,71.2 2 1
ThreeLayeredArchitecture/services/task/mock_interface.go:74.81,80.2 5 1
ThreeLayeredArchitecture/services/task/mock_interface.go:83.72,86.2 2 1
ThreeLayeredArchitecture/services/task/mock_interface.go:89.78,95.2 5 1
ThreeLayeredArchitecture/services/task/mock_interface.go:98.71,101.2 2 1
ThreeLayeredArchitecture/services/task/mock_interface.go:104.71,109.2 4 1
ThreeLayeredArchitecture/services/task/mock_interface.go:112.77,115.2 2 1
ThreeLayeredArchitecture/services/task/task.go:12.51,14.2 1 1
ThreeLayeredArchitecture/services/task/task.go:16.86,18.2 1 1
ThreeLayeredArchitecture/services/task/task.go:20.76,22.2 1 1
ThreeLayeredArchitecture/services/task/task.go:24.79,26.2 1 1
ThreeLayeredArchitecture/services/task/task.go:28.79,30.16 2 1
ThreeLayeredArchitecture/services/task/task.go:30.16,32.3 1 1
ThreeLayeredArchitecture/services/task/task.go:34.2,34.20 1 1
ThreeLayeredArchitecture/services/task/task.go:34.20,36.3 1 1
ThreeLayeredArchitecture/services/task/task.go:38.2,39.16 2 1
ThreeLayeredArchitecture/services/task/task.go:39.16,41.3 1 1
ThreeLayeredArchitecture/services/task/task.go:43.2,43.39 1 1
ThreeLayeredArchitecture/services/task/task.go:46.73,48.16 2 1
ThreeLayeredArchitecture/services/task/task.go:48.16,50.3 1 1
ThreeLayeredArchitecture/services/task/task.go:51.2,52.16 2 1
ThreeLayeredArchitecture/services/task/task.go:52.16,54.3 1 1
ThreeLayeredArchitecture/services/task/task.go:55.2,55.44 1 1
